<?xml version="1.0" encoding="UTF-8"?>
<!-- Generated by org.testng.reporters.JUnitReportReporter -->
<testsuite hostname="ADMIN" failures="0" tests="1" name="com.qa.FacebookLoginValidation.LoginPageValidation" time="18.532" errors="0" timestamp="2022-09-18T23:02:37 IST" skipped="0">
  <testcase classname="com.qa.FacebookLoginValidation.LoginPageValidation" name="loginWithWrongUsernameAndCorrectPassword" time="18.532"/>
  <system-out/>
</testsuite> <!-- com.qa.FacebookLoginValidation.LoginPageValidation -->
